<?xml version="1.0" encoding="UTF-8"?>
<!-- Generated by org.testng.reporters.JUnitXMLReporter -->
<testsuite hostname="idea-PC" name="Regression suite" tests="10" failures="0" timestamp="16 Mar 2018 16:32:53 GMT" time="135.04" errors="0">
  <testcase name="AddCompueter" time="18.321" classname="TestCases.TestScripts"/>
  <testcase name="EditComputername" time="10.364" classname="TestCases.TestScripts"/>
  <testcase name="DelComputername" time="10.086" classname="TestCases.TestScripts"/>
  <testcase name="ComputerCount" time="12.558" classname="TestCases.TestScripts"/>
  <testcase name="invalidDatevalidation" time="8.991" classname="TestCases.TestScripts"/>
  <testcase name="BlanknameInAddComputer" time="18.314" classname="TestCases.TestScripts"/>
  <testcase name="BlanknameInEditComputer" time="13.056" classname="TestCases.TestScripts"/>
  <testcase name="invalidDateinEditComp" time="8.863" classname="TestCases.TestScripts"/>
  <testcase name="invalidSearch" time="11.93" classname="TestCases.TestScripts"/>
  <testcase name="CancelbuttonValidation" time="22.557" classname="TestCases.TestScripts"/>
</testsuite> <!-- Regression suite -->
